<?xml version="1.0" encoding="UTF-8"?>
<testng-results ignored="0" total="5" passed="5" failed="0" skipped="0">
  <reporter-output>
  </reporter-output>
  <suite started-at="2021-09-12T13:35:05 IST" name="Default suite" finished-at="2021-09-12T13:35:05 IST" duration-ms="184">
    <groups>
      <group name="functional">
        <method signature="Testgroup1.Test5()[pri:0, instance:gruopsdemo.Testgroup1@776b83cc]" name="Test5" class="gruopsdemo.Testgroup1"/>
      </group> <!-- functional -->
      <group name="regression">
        <method signature="Testgroup1.Test4()[pri:0, instance:gruopsdemo.Testgroup1@776b83cc]" name="Test4" class="gruopsdemo.Testgroup1"/>
      </group> <!-- regression -->
      <group name="smoke">
        <method signature="Testgroup1.Test1()[pri:0, instance:gruopsdemo.Testgroup1@776b83cc]" name="Test1" class="gruopsdemo.Testgroup1"/>
        <method signature="Testgroup1.Test2()[pri:0, instance:gruopsdemo.Testgroup1@776b83cc]" name="Test2" class="gruopsdemo.Testgroup1"/>
        <method signature="Testgroup1.Test3()[pri:0, instance:gruopsdemo.Testgroup1@776b83cc]" name="Test3" class="gruopsdemo.Testgroup1"/>
      </group> <!-- smoke -->
    </groups>
    <test started-at="2021-09-12T13:35:05 IST" name="Default test" finished-at="2021-09-12T13:35:05 IST" duration-ms="184">
      <class name="gruopsdemo.Testgroup1">
        <test-method signature="Test1()[pri:0, instance:gruopsdemo.Testgroup1@776b83cc]" started-at="2021-09-12T13:35:05 IST" name="Test1" finished-at="2021-09-12T13:35:05 IST" duration-ms="27" status="PASS">
          <reporter-output>
          </reporter-output>
        </test-method> <!-- Test1 -->
        <test-method signature="Test2()[pri:0, instance:gruopsdemo.Testgroup1@776b83cc]" started-at="2021-09-12T13:35:05 IST" name="Test2" finished-at="2021-09-12T13:35:05 IST" duration-ms="4" status="PASS">
          <reporter-output>
          </reporter-output>
        </test-method> <!-- Test2 -->
        <test-method signature="Test3()[pri:0, instance:gruopsdemo.Testgroup1@776b83cc]" started-at="2021-09-12T13:35:05 IST" name="Test3" finished-at="2021-09-12T13:35:05 IST" duration-ms="4" status="PASS">
          <reporter-output>
          </reporter-output>
        </test-method> <!-- Test3 -->
        <test-method signature="Test4()[pri:0, instance:gruopsdemo.Testgroup1@776b83cc]" started-at="2021-09-12T13:35:05 IST" name="Test4" finished-at="2021-09-12T13:35:05 IST" duration-ms="3" status="PASS">
          <reporter-output>
          </reporter-output>
        </test-method> <!-- Test4 -->
        <test-method signature="Test5()[pri:0, instance:gruopsdemo.Testgroup1@776b83cc]" started-at="2021-09-12T13:35:05 IST" name="Test5" finished-at="2021-09-12T13:35:05 IST" duration-ms="4" status="PASS">
          <reporter-output>
          </reporter-output>
        </test-method> <!-- Test5 -->
      </class> <!-- gruopsdemo.Testgroup1 -->
    </test> <!-- Default test -->
  </suite> <!-- Default suite -->
</testng-results>
