<?xml version="1.0" encoding="UTF-8"?>
<!-- Generated by org.testng.reporters.JUnitXMLReporter -->
<testsuite ignored="2" hostname="LAPTOP-07Q77IJG" failures="0" tests="7" name="Test" time="0.254" errors="0" timestamp="2021-09-12T13:34:36 IST">
  <testcase classname="gruopsdemo.Testgroup1" name="Test1" time="0.03"/>
  <testcase classname="gruopsdemo.Testgroup1" name="Test2" time="0.005"/>
  <testcase classname="gruopsdemo.Testgroup1" name="Test3" time="0.003"/>
  <testcase classname="gruopsdemo.Testgroup1" name="Test4" time="0.004"/>
  <testcase classname="gruopsdemo.Testgroup2" name="Test6" time="0.003"/>
  <testcase classname="gruopsdemo.Testgroup2" name="Test7" time="0.003"/>
  <testcase classname="gruopsdemo.Testgroup2" name="Test9" time="0.005"/>
  <testcase classname="gruopsdemo.Testgroup2" name="Test8" time="0.0">
    <ignored/>
  </testcase> <!-- Test8 -->
  <testcase classname="gruopsdemo.Testgroup1" name="Test5" time="0.0">
    <ignored/>
  </testcase> <!-- Test5 -->
</testsuite> <!-- Test -->
