<?xml version="1.0" encoding="UTF-8"?>
<!-- Generated by org.testng.reporters.JUnitXMLReporter -->
<testsuite ignored="0" hostname="LAPTOP-07Q77IJG" failures="0" tests="5" name="Default test" time="0.184" errors="0" timestamp="2021-09-12T13:35:05 IST">
  <testcase classname="gruopsdemo.Testgroup1" name="Test1" time="0.027"/>
  <testcase classname="gruopsdemo.Testgroup1" name="Test2" time="0.004"/>
  <testcase classname="gruopsdemo.Testgroup1" name="Test3" time="0.004"/>
  <testcase classname="gruopsdemo.Testgroup1" name="Test4" time="0.003"/>
  <testcase classname="gruopsdemo.Testgroup1" name="Test5" time="0.004"/>
</testsuite> <!-- Default test -->
