<?xml version="1.0" encoding="UTF-8"?>
<testng-results ignored="0" total="2" passed="2" failed="0" skipped="0">
  <reporter-output>
  </reporter-output>
  <suite started-at="2021-09-06T16:08:18 IST" name="Suite" finished-at="2021-09-06T16:08:24 IST" duration-ms="5746">
    <groups>
    </groups>
    <test started-at="2021-09-06T16:08:18 IST" name="Test" finished-at="2021-09-06T16:08:24 IST" duration-ms="5746">
      <class name="demowebshoptests.TestNGParallelTestingDemo">
        <test-method signature="test1()[pri:0, instance:demowebshoptests.TestNGParallelTestingDemo@49dc7102]" started-at="2021-09-06T16:08:18 IST" name="test1" finished-at="2021-09-06T16:08:24 IST" duration-ms="5701" status="PASS">
          <reporter-output>
          </reporter-output>
        </test-method> <!-- test1 -->
        <test-method signature="test2()[pri:0, instance:demowebshoptests.TestNGParallelTestingDemo@49dc7102]" started-at="2021-09-06T16:08:18 IST" name="test2" finished-at="2021-09-06T16:08:23 IST" duration-ms="5476" status="PASS">
          <reporter-output>
          </reporter-output>
        </test-method> <!-- test2 -->
      </class> <!-- demowebshoptests.TestNGParallelTestingDemo -->
    </test> <!-- Test -->
  </suite> <!-- Suite -->
</testng-results>
